<?xml version="1.0" encoding="UTF-8"?>
<testsuite name="com.tavisca.InputCreditParserTest" tests="3" skipped="0" failures="0" errors="0" timestamp="2019-08-14T04:13:51" hostname="RENTLAPT008" time="0.049">
  <properties/>
  <testcase name="canGiveAnswerToManyAndMuchStatements()" classname="com.tavisca.InputCreditParserTest" time="0.041"/>
  <testcase name="canParseWordsToCreditsStatement()" classname="com.tavisca.InputCreditParserTest" time="0.003"/>
  <testcase name="canCalculateCreditsStatement()" classname="com.tavisca.InputCreditParserTest" time="0.002"/>
  <system-out><![CDATA[]]></system-out>
  <system-err><![CDATA[]]></system-err>
</testsuite>
