<?xml version="1.0" encoding="UTF-8"?>
<testsuite name="com.tavisca.InputCreditParserTest" tests="3" skipped="0" failures="0" errors="0" timestamp="2019-08-18T20:00:43" hostname="RENTLAPT008" time="0.029">
  <properties/>
  <testcase name="canGiveAnswerToManyAndMuchStatements()" classname="com.tavisca.InputCreditParserTest" time="0.022"/>
  <testcase name="canParseWordsToCreditsStatement()" classname="com.tavisca.InputCreditParserTest" time="0.004"/>
  <testcase name="canCalculateCreditsStatement()" classname="com.tavisca.InputCreditParserTest" time="0.001"/>
  <system-out><![CDATA[]]></system-out>
  <system-err><![CDATA[]]></system-err>
</testsuite>
