<?xml version="1.0" encoding="UTF-8"?>
<testsuite name="com.tavisca.InputParserTest" tests="2" skipped="0" failures="0" errors="0" timestamp="2019-08-13T12:21:13" hostname="RENTLAPT008" time="0.046">
  <properties/>
  <testcase name="canParseWordToRomanNumeral()" classname="com.tavisca.InputParserTest" time="0.031"/>
  <testcase name="canParseWordsToManyAndMuchStatement()" classname="com.tavisca.InputParserTest" time="0.005"/>
  <system-out><![CDATA[]]></system-out>
  <system-err><![CDATA[]]></system-err>
</testsuite>
